<?xml version="1.0" encoding="UTF-8"?>
<testng-results ignored="0" total="1" passed="1" failed="0" skipped="0">
  <reporter-output>
  </reporter-output>
  <suite started-at="2023-03-19T19:08:16 PDT" name="OpenCartSuite" finished-at="2023-03-19T19:08:30 PDT" duration-ms="14585">
    <groups>
    </groups>
    <test started-at="2023-03-19T19:08:16 PDT" name="DemoTest" finished-at="2023-03-19T19:08:30 PDT" duration-ms="14585">
      <class name="testCases.TC_001_AccountRegistrationTest">
        <test-method is-config="true" signature="setup(java.lang.String)[pri:0, instance:testCases.TC_001_AccountRegistrationTest@4d9e68d0]" started-at="2023-03-19T19:08:16 PDT" name="setup" finished-at="2023-03-19T19:08:25 PDT" duration-ms="9575" status="PASS">
          <params>
            <param index="0">
              <value>
                <![CDATA[edge]]>
              </value>
            </param>
          </params>
          <reporter-output>
          </reporter-output>
        </test-method> <!-- setup -->
        <test-method signature="test_account_Registration()[pri:0, instance:testCases.TC_001_AccountRegistrationTest@4d9e68d0]" started-at="2023-03-19T19:08:25 PDT" name="test_account_Registration" finished-at="2023-03-19T19:08:30 PDT" duration-ms="4497" status="PASS">
          <reporter-output>
          </reporter-output>
        </test-method> <!-- test_account_Registration -->
        <test-method is-config="true" signature="tearDown()[pri:0, instance:testCases.TC_001_AccountRegistrationTest@4d9e68d0]" started-at="2023-03-19T19:08:30 PDT" name="tearDown" finished-at="2023-03-19T19:08:30 PDT" duration-ms="396" status="PASS">
          <reporter-output>
          </reporter-output>
        </test-method> <!-- tearDown -->
      </class> <!-- testCases.TC_001_AccountRegistrationTest -->
    </test> <!-- DemoTest -->
  </suite> <!-- OpenCartSuite -->
</testng-results>
